Using pre-set license
Built from 'trunk' branch; Version is '6000.0.2f1 (c36be92430b9) revision 12807145'; Using compiler version '193933522'; Build Type 'Release'
OS: 'Windows 11  (10.0.22635) 64bit CoreCountrySpecific' Language: 'zh' Physical Memory: 32676 MB
BatchMode: 1, IsHumanControllingUs: 0, StartBugReporterOnCrash: 0, Is64bit: 1, IsPro: 1

COMMAND LINE ARGUMENTS:
C:\Program Files\Unity\Hub\Editor\6000.0.2f1\Editor\Unity.exe
-adb2
-batchMode
-noUpm
-name
AssetImportWorker1
-projectPath
D:/game/FirstMiniGame/Client/Clear_2048
-logFile
Logs/AssetImportWorker1.log
-srvPort
3870
-job-worker-count
5
-background-job-worker-count
8
-asset-garbage-collectors
1
Successfully changed project path to: D:/game/FirstMiniGame/Client/Clear_2048
D:/game/FirstMiniGame/Client/Clear_2048
[UnityMemory] Configuration Parameters - Can be set up in boot.config
    "memorysetup-bucket-allocator-granularity=16"
    "memorysetup-bucket-allocator-bucket-count=8"
    "memorysetup-bucket-allocator-block-size=33554432"
    "memorysetup-bucket-allocator-block-count=8"
    "memorysetup-main-allocator-block-size=16777216"
    "memorysetup-thread-allocator-block-size=16777216"
    "memorysetup-gfx-main-allocator-block-size=16777216"
    "memorysetup-gfx-thread-allocator-block-size=16777216"
    "memorysetup-cache-allocator-block-size=4194304"
    "memorysetup-typetree-allocator-block-size=2097152"
    "memorysetup-profiler-bucket-allocator-granularity=16"
    "memorysetup-profiler-bucket-allocator-bucket-count=8"
    "memorysetup-profiler-bucket-allocator-block-size=33554432"
    "memorysetup-profiler-bucket-allocator-block-count=8"
    "memorysetup-profiler-allocator-block-size=16777216"
    "memorysetup-profiler-editor-allocator-block-size=1048576"
    "memorysetup-temp-allocator-size-main=16777216"
    "memorysetup-job-temp-allocator-block-size=2097152"
    "memorysetup-job-temp-allocator-block-size-background=1048576"
    "memorysetup-job-temp-allocator-reduction-small-platforms=262144"
    "memorysetup-allocator-temp-initial-block-size-main=262144"
    "memorysetup-allocator-temp-initial-block-size-worker=262144"
    "memorysetup-temp-allocator-size-background-worker=32768"
    "memorysetup-temp-allocator-size-job-worker=262144"
    "memorysetup-temp-allocator-size-preload-manager=33554432"
    "memorysetup-temp-allocator-size-nav-mesh-worker=65536"
    "memorysetup-temp-allocator-size-audio-worker=65536"
    "memorysetup-temp-allocator-size-cloud-worker=32768"
    "memorysetup-temp-allocator-size-gi-baking-worker=262144"
    "memorysetup-temp-allocator-size-gi-baking-worker=262144"
    "memorysetup-temp-allocator-size-gi-baking-worker=262144"
    "memorysetup-temp-allocator-size-gi-baking-worker=262144"
    "memorysetup-temp-allocator-size-gi-baking-worker=262144"
    "memorysetup-temp-allocator-size-gfx=262144"
Player connection [26500]  Target information:

Player connection [26500]  * "[IP] 192.168.31.41 [Port] 0 [Flags] 2 [Guid] 1775808019 [EditorId] 1775808019 [Version] 1048832 [Id] WindowsEditor(7,LAPTOP-2GG830PQ) [Debug] 1 [PackageName] WindowsEditor [ProjectName] Editor" 

Player connection [26500] Host joined multi-casting on [225.0.0.222:54997]...
Player connection [26500] Host joined alternative multi-casting on [225.0.0.222:34997]...
JobSystem: Creating JobQueue using job-worker-count value 5
Library Redirect Path: Library/
[PhysX] Initialized MultithreadedTaskDispatcher with 6 workers.
Refreshing native plugins compatible for Editor in 3.57 ms, found 3 plugins.
Preloading 0 native plugins for Editor in 0.00 ms.
Initialize engine version: 6000.0.2f1 (c36be92430b9)
[Subsystems] Discovering subsystems at path C:/Program Files/Unity/Hub/Editor/6000.0.2f1/Editor/Data/Resources/UnitySubsystems
[Subsystems] Discovering subsystems at path D:/game/FirstMiniGame/Client/Clear_2048/Assets
GfxDevice: creating device client; kGfxThreadingModeNonThreaded
Direct3D:
    Version:  Direct3D 11.0 [level 11.1]
    Renderer: NVIDIA GeForce GTX 1660 Ti (ID=0x2191)
    Vendor:   NVIDIA
    VRAM:     5979 MB
    Driver:   31.0.15.2802
Initialize mono
Mono path[0] = 'C:/Program Files/Unity/Hub/Editor/6000.0.2f1/Editor/Data/Managed'
Mono path[1] = 'C:/Program Files/Unity/Hub/Editor/6000.0.2f1/Editor/Data/MonoBleedingEdge/lib/mono/unityjit-win32'
Mono config path = 'C:/Program Files/Unity/Hub/Editor/6000.0.2f1/Editor/Data/MonoBleedingEdge/etc'
Using monoOptions --debugger-agent=transport=dt_socket,embedding=1,server=y,suspend=n,address=127.0.0.1:56588
Begin MonoManager ReloadAssembly
Registering precompiled unity dll's ...
Register platform support module: C:/Program Files/Unity/Hub/Editor/6000.0.2f1/Editor/Data/PlaybackEngines/WindowsStandaloneSupport/UnityEditor.WindowsStandalone.Extensions.dll
Registered in 0.003513 seconds.
- Loaded All Assemblies, in  0.641 seconds
Native extension for WindowsStandalone target not found
Mono: successfully reloaded assembly
- Finished resetting the current domain, in  0.740 seconds
Domain Reload Profiling: 1378ms
	BeginReloadAssembly (233ms)
		ExecutionOrderSort (0ms)
		DisableScriptedObjects (0ms)
		BackupInstance (0ms)
		ReleaseScriptingObjects (0ms)
		CreateAndSetChildDomain (1ms)
	RebuildCommonClasses (54ms)
	RebuildNativeTypeToScriptingClass (19ms)
	initialDomainReloadingComplete (78ms)
	LoadAllAssembliesAndSetupDomain (253ms)
		LoadAssemblies (228ms)
		RebuildTransferFunctionScriptingTraits (0ms)
		AnalyzeDomain (250ms)
			TypeCache.Refresh (248ms)
				TypeCache.ScanAssembly (226ms)
			BuildScriptInfoCaches (0ms)
			ResolveRequiredComponents (1ms)
	FinalizeReload (741ms)
		ReleaseScriptCaches (0ms)
		RebuildScriptCaches (0ms)
		SetupLoadedEditorAssemblies (669ms)
			LogAssemblyErrors (0ms)
			InitializePlatformSupportModulesInManaged (84ms)
			SetLoadedEditorAssemblies (6ms)
			BeforeProcessingInitializeOnLoad (8ms)
			ProcessInitializeOnLoadAttributes (224ms)
			ProcessInitializeOnLoadMethodAttributes (347ms)
			AfterProcessingInitializeOnLoad (0ms)
			EditorAssembliesLoaded (0ms)
		ExecutionOrderSort2 (0ms)
		AwakeInstancesAfterBackupRestoration (0ms)
========================================================================
Worker process is ready to serve import requests
Import Worker Mode flag is 0x00
Begin MonoManager ReloadAssembly
- Loaded All Assemblies, in  1.441 seconds
Refreshing native plugins compatible for Editor in 1.35 ms, found 3 plugins.
Native extension for WindowsStandalone target not found
Mono: successfully reloaded assembly
- Finished resetting the current domain, in  1.792 seconds
Domain Reload Profiling: 3229ms
	BeginReloadAssembly (482ms)
		ExecutionOrderSort (0ms)
		DisableScriptedObjects (7ms)
		BackupInstance (0ms)
		ReleaseScriptingObjects (0ms)
		CreateAndSetChildDomain (46ms)
	RebuildCommonClasses (56ms)
	RebuildNativeTypeToScriptingClass (18ms)
	initialDomainReloadingComplete (59ms)
	LoadAllAssembliesAndSetupDomain (821ms)
		LoadAssemblies (554ms)
		RebuildTransferFunctionScriptingTraits (0ms)
		AnalyzeDomain (420ms)
			TypeCache.Refresh (310ms)
				TypeCache.ScanAssembly (283ms)
			BuildScriptInfoCaches (92ms)
			ResolveRequiredComponents (14ms)
	FinalizeReload (1793ms)
		ReleaseScriptCaches (0ms)
		RebuildScriptCaches (0ms)
		SetupLoadedEditorAssemblies (1490ms)
			LogAssemblyErrors (0ms)
			InitializePlatformSupportModulesInManaged (74ms)
			SetLoadedEditorAssemblies (50ms)
			BeforeProcessingInitializeOnLoad (398ms)
			ProcessInitializeOnLoadAttributes (613ms)
			ProcessInitializeOnLoadMethodAttributes (345ms)
			AfterProcessingInitializeOnLoad (10ms)
			EditorAssembliesLoaded (0ms)
		ExecutionOrderSort2 (0ms)
		AwakeInstancesAfterBackupRestoration (11ms)
Launched and connected shader compiler UnityShaderCompiler.exe after 0.02 seconds
Refreshing native plugins compatible for Editor in 1.83 ms, found 3 plugins.
Preloading 0 native plugins for Editor in 0.00 ms.
Unloading 135 Unused Serialized files (Serialized files now loaded: 0)
Unloading 5896 unused Assets / (6.7 MB). Loaded Objects now: 6542.
Memory consumption went from 172.1 MB to 165.4 MB.
Total: 12.047200 ms (FindLiveObjects: 0.894000 ms CreateObjectMapping: 1.448100 ms MarkObjects: 5.861700 ms  DeleteObjects: 3.842100 ms)

========================================================================
Received Import Request.
  Time since last request: 29536.349093 seconds.
  path: Assets/UniversalRenderPipelineGlobalSettings.asset
  artifactKey: Guid(32c001b939c9906499cc73a529a1be29) Importer(815301076,1909f56bfc062723c751e8b465ee728b)
Start importing Assets/UniversalRenderPipelineGlobalSettings.asset using Guid(32c001b939c9906499cc73a529a1be29) Importer(815301076,1909f56bfc062723c751e8b465ee728b) (PreviewImporter)[PhysX] Initialized MultithreadedTaskDispatcher with 6 workers.
 -> (artifact id: '6cb00d5217d3f78efcd79587b3ff3122') in 0.0761839 seconds
Number of updated asset objects reloaded before import = 0Number of asset objects unloaded after import = 45

========================================================================
Received Import Request.
  Time since last request: 24.683711 seconds.
  path: Assets/UniversalRenderPipelineGlobalSettings.asset
  artifactKey: Guid(32c001b939c9906499cc73a529a1be29) Importer(2089858483,192608db42251d675da83286b1cce702)
Start importing Assets/UniversalRenderPipelineGlobalSettings.asset using Guid(32c001b939c9906499cc73a529a1be29) Importer(2089858483,192608db42251d675da83286b1cce702) (ScriptedImporter)[PhysX] Initialized MultithreadedTaskDispatcher with 6 workers.
 -> (artifact id: 'faa0a2365a66a5ce04ff02b7fd149518') in 0.3977803 seconds
Number of updated asset objects reloaded before import = 0Number of asset objects unloaded after import = 45

========================================================================
Received Import Request.
  Time since last request: 64.078922 seconds.
  path: Assets/New Universal Render Pipeline Asset_Renderer.asset
  artifactKey: Guid(eda6c26454522a54987f68d55dae8e83) Importer(815301076,1909f56bfc062723c751e8b465ee728b)
Start importing Assets/New Universal Render Pipeline Asset_Renderer.asset using Guid(eda6c26454522a54987f68d55dae8e83) Importer(815301076,1909f56bfc062723c751e8b465ee728b) (PreviewImporter)[PhysX] Initialized MultithreadedTaskDispatcher with 6 workers.
 -> (artifact id: '855d058d0063a744e1abc532b3a800bb') in 0.0348289 seconds
Number of updated asset objects reloaded before import = 0Number of asset objects unloaded after import = 47

========================================================================
Received Import Request.
  Time since last request: 0.877891 seconds.
  path: Assets/New Universal Render Pipeline Asset.asset
  artifactKey: Guid(ca315c9947ddf774a977711ec2463fce) Importer(2089858483,192608db42251d675da83286b1cce702)
Start importing Assets/New Universal Render Pipeline Asset.asset using Guid(ca315c9947ddf774a977711ec2463fce) Importer(2089858483,192608db42251d675da83286b1cce702) (ScriptedImporter)[PhysX] Initialized MultithreadedTaskDispatcher with 6 workers.
 -> (artifact id: '2597af4a40dbf3fcdf65f3f6afa6040b') in 0.0860597 seconds
Number of updated asset objects reloaded before import = 0Number of asset objects unloaded after import = 50

========================================================================
Received Prepare
Refreshing native plugins compatible for Editor in 1.32 ms, found 3 plugins.
Preloading 0 native plugins for Editor in 0.00 ms.
Unloading 85 Unused Serialized files (Serialized files now loaded: 0)
Unloading 36 unused Assets / (3.3 MB). Loaded Objects now: 6595.
Memory consumption went from 149.8 MB to 146.5 MB.
Total: 9.890400 ms (FindLiveObjects: 0.410500 ms CreateObjectMapping: 0.331000 ms MarkObjects: 7.751900 ms  DeleteObjects: 1.395300 ms)

Prepare: number of updated asset objects reloaded= 0
========================================================================
Received Import Request.
  Time since last request: 6.311800 seconds.
  path: Assets/DefaultVolumeProfile.asset
  artifactKey: Guid(907d09c64b210c0498d6279c1b974d36) Importer(815301076,1909f56bfc062723c751e8b465ee728b)
Start importing Assets/DefaultVolumeProfile.asset using Guid(907d09c64b210c0498d6279c1b974d36) Importer(815301076,1909f56bfc062723c751e8b465ee728b) (PreviewImporter)[PhysX] Initialized MultithreadedTaskDispatcher with 6 workers.
 -> (artifact id: '2fbb03308e87dcd7aacd7806f42d9252') in 0.0068605 seconds
Number of updated asset objects reloaded before import = 0Number of asset objects unloaded after import = 1

========================================================================
Received Import Request.
  Time since last request: 0.000024 seconds.
  path: Assets/New Universal Render Pipeline Asset_Renderer.asset
  artifactKey: Guid(eda6c26454522a54987f68d55dae8e83) Importer(815301076,1909f56bfc062723c751e8b465ee728b)
Start importing Assets/New Universal Render Pipeline Asset_Renderer.asset using Guid(eda6c26454522a54987f68d55dae8e83) Importer(815301076,1909f56bfc062723c751e8b465ee728b) (PreviewImporter)[PhysX] Initialized MultithreadedTaskDispatcher with 6 workers.
 -> (artifact id: '27909552fabe0926f6548a0b696e6f87') in 0.0009548 seconds
Number of updated asset objects reloaded before import = 0Number of asset objects unloaded after import = 0

========================================================================
Received Import Request.
  Time since last request: 53.526246 seconds.
  path: Assets/GameMain/URP/DefaultVolumeProfile.asset
  artifactKey: Guid(907d09c64b210c0498d6279c1b974d36) Importer(2089858483,192608db42251d675da83286b1cce702)
Start importing Assets/GameMain/URP/DefaultVolumeProfile.asset using Guid(907d09c64b210c0498d6279c1b974d36) Importer(2089858483,192608db42251d675da83286b1cce702) (ScriptedImporter)[PhysX] Initialized MultithreadedTaskDispatcher with 6 workers.
 -> (artifact id: '71c0c669eaf8cde969a90760ccc4c8b2') in 0.0392954 seconds
Number of updated asset objects reloaded before import = 0Number of asset objects unloaded after import = 19

========================================================================
Received Import Request.
  Time since last request: 0.000026 seconds.
  path: Assets/GameMain/URP/New Universal Render Pipeline Asset.asset
  artifactKey: Guid(ca315c9947ddf774a977711ec2463fce) Importer(2089858483,192608db42251d675da83286b1cce702)
Start importing Assets/GameMain/URP/New Universal Render Pipeline Asset.asset using Guid(ca315c9947ddf774a977711ec2463fce) Importer(2089858483,192608db42251d675da83286b1cce702) (ScriptedImporter)[PhysX] Initialized MultithreadedTaskDispatcher with 6 workers.
 -> (artifact id: '649e4d1a7a994fdbb103e8565852c4a9') in 0.0260435 seconds
Number of updated asset objects reloaded before import = 0Number of asset objects unloaded after import = 1

========================================================================
Received Prepare
Refreshing native plugins compatible for Editor in 1.69 ms, found 3 plugins.
Preloading 0 native plugins for Editor in 0.00 ms.
Unloading 15 Unused Serialized files (Serialized files now loaded: 0)
Unloading 5884 unused Assets / (4.7 MB). Loaded Objects now: 6655.
Memory consumption went from 160.4 MB to 155.7 MB.
Total: 13.299200 ms (FindLiveObjects: 0.944600 ms CreateObjectMapping: 1.308100 ms MarkObjects: 8.126300 ms  DeleteObjects: 2.917600 ms)

Prepare: number of updated asset objects reloaded= 0
========================================================================
Received Import Request.
  Time since last request: 292.908546 seconds.
  path: Assets/LGF/UI/IUIRoot.cs
  artifactKey: Guid(a807eac8a7b446079b3ff60518a9696f) Importer(2089858483,192608db42251d675da83286b1cce702)
Start importing Assets/LGF/UI/IUIRoot.cs using Guid(a807eac8a7b446079b3ff60518a9696f) Importer(2089858483,192608db42251d675da83286b1cce702) (ScriptedImporter)[PhysX] Initialized MultithreadedTaskDispatcher with 6 workers.
 -> (artifact id: 'ffe0713120c954759acca16b7289e831') in 0.0223984 seconds
Number of updated asset objects reloaded before import = 0Number of asset objects unloaded after import = 0

========================================================================
Received Import Request.
  Time since last request: 0.000017 seconds.
  path: Assets/GameMain/Scripts/Game.cs
  artifactKey: Guid(22064af6444eac949b8f3df8e5894e9b) Importer(2089858483,192608db42251d675da83286b1cce702)
Start importing Assets/GameMain/Scripts/Game.cs using Guid(22064af6444eac949b8f3df8e5894e9b) Importer(2089858483,192608db42251d675da83286b1cce702) (ScriptedImporter)[PhysX] Initialized MultithreadedTaskDispatcher with 6 workers.
 -> (artifact id: 'd71ede5d5c22e4311a03c0050281c988') in 0.0082654 seconds
Number of updated asset objects reloaded before import = 0Number of asset objects unloaded after import = 0

========================================================================
Received Import Request.
  Time since last request: 0.000018 seconds.
  path: Assets/LGF/UI
  artifactKey: Guid(c13828193bcbfc549b53c0d0aef75d16) Importer(2089858483,192608db42251d675da83286b1cce702)
Start importing Assets/LGF/UI using Guid(c13828193bcbfc549b53c0d0aef75d16) Importer(2089858483,192608db42251d675da83286b1cce702) (ScriptedImporter)[PhysX] Initialized MultithreadedTaskDispatcher with 6 workers.
 -> (artifact id: '58cbfd733be031e8caacfe7641632683') in 0.0056369 seconds
Number of updated asset objects reloaded before import = 0Number of asset objects unloaded after import = 1

========================================================================
Received Import Request.
  Time since last request: 0.000017 seconds.
  path: Assets/LGF/Editor/ExcelToJson.cs
  artifactKey: Guid(cc40e13886d74d479fc713aab2e1a8df) Importer(2089858483,192608db42251d675da83286b1cce702)
Start importing Assets/LGF/Editor/ExcelToJson.cs using Guid(cc40e13886d74d479fc713aab2e1a8df) Importer(2089858483,192608db42251d675da83286b1cce702) (ScriptedImporter)[PhysX] Initialized MultithreadedTaskDispatcher with 6 workers.
 -> (artifact id: 'ca93879f627a99134867fca988cf126e') in 0.0060322 seconds
Number of updated asset objects reloaded before import = 0Number of asset objects unloaded after import = 0

========================================================================
Received Import Request.
  Time since last request: 0.000019 seconds.
  path: Assets/LGF/Editor/ExcelUtil.cs
  artifactKey: Guid(e9f54082b83b42f9bac557f32fae2a32) Importer(2089858483,192608db42251d675da83286b1cce702)
Start importing Assets/LGF/Editor/ExcelUtil.cs using Guid(e9f54082b83b42f9bac557f32fae2a32) Importer(2089858483,192608db42251d675da83286b1cce702) (ScriptedImporter)[PhysX] Initialized MultithreadedTaskDispatcher with 6 workers.
 -> (artifact id: 'd49a57fd5ad8cfa8f29275eb18887b12') in 0.0071528 seconds
Number of updated asset objects reloaded before import = 0Number of asset objects unloaded after import = 0

========================================================================
Received Import Request.
  Time since last request: 0.000028 seconds.
  path: Assets/LGF/UI/UIManager.cs
  artifactKey: Guid(9c85314ddb994791a2025105442f5ff5) Importer(2089858483,192608db42251d675da83286b1cce702)
Start importing Assets/LGF/UI/UIManager.cs using Guid(9c85314ddb994791a2025105442f5ff5) Importer(2089858483,192608db42251d675da83286b1cce702) (ScriptedImporter)[PhysX] Initialized MultithreadedTaskDispatcher with 6 workers.
 -> (artifact id: '839f9ad4eee777b4613328b0a4128760') in 0.0087996 seconds
Number of updated asset objects reloaded before import = 0Number of asset objects unloaded after import = 0

========================================================================
Received Import Request.
  Time since last request: 0.000022 seconds.
  path: Assets/LGF/Res/ResManager.cs
  artifactKey: Guid(b23e0e20882d7fd44a2af46cf4812596) Importer(2089858483,192608db42251d675da83286b1cce702)
Start importing Assets/LGF/Res/ResManager.cs using Guid(b23e0e20882d7fd44a2af46cf4812596) Importer(2089858483,192608db42251d675da83286b1cce702) (ScriptedImporter)[PhysX] Initialized MultithreadedTaskDispatcher with 6 workers.
 -> (artifact id: '0ab35e96040180758e0fc5982b427330') in 0.00785 seconds
Number of updated asset objects reloaded before import = 0Number of asset objects unloaded after import = 0

========================================================================
Received Import Request.
  Time since last request: 0.000019 seconds.
  path: Assets/LGF/Editor
  artifactKey: Guid(3ee4c4e949beb7149b75041d84773af4) Importer(2089858483,192608db42251d675da83286b1cce702)
Start importing Assets/LGF/Editor using Guid(3ee4c4e949beb7149b75041d84773af4) Importer(2089858483,192608db42251d675da83286b1cce702) (ScriptedImporter)[PhysX] Initialized MultithreadedTaskDispatcher with 6 workers.
 -> (artifact id: '92bf8cdf408da3f768518806c3222ce3') in 0.0050496 seconds
Number of updated asset objects reloaded before import = 0Number of asset objects unloaded after import = 1

========================================================================
Received Import Request.
  Time since last request: 0.000016 seconds.
  path: Assets/LGF/Util/FileUtil.cs
  artifactKey: Guid(c183d96d118c418789a1fa66ea41ac90) Importer(2089858483,192608db42251d675da83286b1cce702)
Start importing Assets/LGF/Util/FileUtil.cs using Guid(c183d96d118c418789a1fa66ea41ac90) Importer(2089858483,192608db42251d675da83286b1cce702) (ScriptedImporter)[PhysX] Initialized MultithreadedTaskDispatcher with 6 workers.
 -> (artifact id: '2a90c7cb7226e48136f33f0b0a5f96d3') in 0.0058653 seconds
Number of updated asset objects reloaded before import = 0Number of asset objects unloaded after import = 0

========================================================================
Received Import Request.
  Time since last request: 0.000021 seconds.
  path: Assets/LGF/Path/PathConfig.cs
  artifactKey: Guid(c1b8fcc43f794edda21ba90de9574f09) Importer(2089858483,192608db42251d675da83286b1cce702)
Start importing Assets/LGF/Path/PathConfig.cs using Guid(c1b8fcc43f794edda21ba90de9574f09) Importer(2089858483,192608db42251d675da83286b1cce702) (ScriptedImporter)[PhysX] Initialized MultithreadedTaskDispatcher with 6 workers.
 -> (artifact id: 'f02817131dfb9289792eb0dbec7520fd') in 0.0076937 seconds
Number of updated asset objects reloaded before import = 0Number of asset objects unloaded after import = 0

========================================================================
Received Import Request.
  Time since last request: 0.000023 seconds.
  path: Assets/LGF/Path
  artifactKey: Guid(1595b133af704ab4789d88500c37e043) Importer(2089858483,192608db42251d675da83286b1cce702)
Start importing Assets/LGF/Path using Guid(1595b133af704ab4789d88500c37e043) Importer(2089858483,192608db42251d675da83286b1cce702) (ScriptedImporter)[PhysX] Initialized MultithreadedTaskDispatcher with 6 workers.
 -> (artifact id: 'febdc729c31a1ed0b468eca22d450b3e') in 0.0056407 seconds
Number of updated asset objects reloaded before import = 0Number of asset objects unloaded after import = 1

========================================================================
Received Import Request.
  Time since last request: 0.000027 seconds.
  path: Assets/LGF/Event
  artifactKey: Guid(b1c8b833549b7b6439f9ff3ca2b87cef) Importer(2089858483,192608db42251d675da83286b1cce702)
Start importing Assets/LGF/Event using Guid(b1c8b833549b7b6439f9ff3ca2b87cef) Importer(2089858483,192608db42251d675da83286b1cce702) (ScriptedImporter)[PhysX] Initialized MultithreadedTaskDispatcher with 6 workers.
 -> (artifact id: 'c106d08e2ff469e8d44956b1e46bd164') in 0.0062735 seconds
Number of updated asset objects reloaded before import = 0Number of asset objects unloaded after import = 1

========================================================================
Received Import Request.
  Time since last request: 0.000018 seconds.
  path: Assets/LGF/UI/UIEvent.cs
  artifactKey: Guid(cea6ec6d847c43cfae8f94eff86dc55f) Importer(2089858483,192608db42251d675da83286b1cce702)
Start importing Assets/LGF/UI/UIEvent.cs using Guid(cea6ec6d847c43cfae8f94eff86dc55f) Importer(2089858483,192608db42251d675da83286b1cce702) (ScriptedImporter)[PhysX] Initialized MultithreadedTaskDispatcher with 6 workers.
 -> (artifact id: '5235d03d4e391a4ca3475500e4ecb483') in 0.0067178 seconds
Number of updated asset objects reloaded before import = 0Number of asset objects unloaded after import = 0

========================================================================
Received Import Request.
  Time since last request: 0.000023 seconds.
  path: Assets/LGF/Res/CheckAssetResult.cs
  artifactKey: Guid(14e3e2fd0dbc49fe978fb630b69eea87) Importer(2089858483,192608db42251d675da83286b1cce702)
Start importing Assets/LGF/Res/CheckAssetResult.cs using Guid(14e3e2fd0dbc49fe978fb630b69eea87) Importer(2089858483,192608db42251d675da83286b1cce702) (ScriptedImporter)[PhysX] Initialized MultithreadedTaskDispatcher with 6 workers.
 -> (artifact id: 'c82ca6b361da0f354e6e1c02b032eeaa') in 0.0080697 seconds
Number of updated asset objects reloaded before import = 0Number of asset objects unloaded after import = 0

Editor requested this worker to shutdown with reason: Scaling down because of idle timeout
AssetImportWorker is now disconnected from the server
Process exiting
Exiting without the bug reporter. Application will terminate with return code 0